<?xml version="1.0" encoding="UTF-8"?>
<!-- Generated by org.testng.reporters.JUnitXMLReporter -->
<testsuite ignored="0" hostname="Razan" failures="0" tests="11" name="Default test" time="25.267" errors="0" timestamp="2024-10-05T03:04:19 AST">
  <testcase classname="homePage.myTestCases" name="CheckTheDefaultLanguage" time="0.048"/>
  <testcase classname="homePage.myTestCases" name="CheckTheDefaultCurrency" time="0.04"/>
  <testcase classname="homePage.myTestCases" name="CheckTheContactNumbers" time="0.035"/>
  <testcase classname="homePage.myTestCases" name="CheckQitafLogo" time="0.06"/>
  <testcase classname="homePage.myTestCases" name="CheckHotelTabIsNotSelected" time="0.032"/>
  <testcase classname="homePage.myTestCases" name="CheckDepartureAndArrivalDate" time="0.038"/>
  <testcase classname="homePage.myTestCases" name="RandomlyChangeTheLanguage" time="1.266"/>
  <testcase classname="homePage.myTestCases" name="FillHotelTab" time="2.888"/>
  <testcase classname="homePage.myTestCases" name="SelectTheNumberOfVistor" time="6.329"/>
  <testcase classname="homePage.myTestCases" name="CheckThePageFullyLoaded" time="10.417"/>
  <testcase classname="homePage.myTestCases" name="SortResultsLowestToHighestPrice" time="1.263"/>
</testsuite> <!-- Default test -->
