<?xml version="1.0" encoding="UTF-8"?>
<!-- Generated by org.testng.reporters.JUnitXMLReporter -->
<testsuite ignored="0" hostname="Razan" failures="0" tests="11" name="Default test" time="32.016" errors="0" timestamp="2024-09-19T08:13:32 AST">
  <testcase classname="homePage.myTestCases" name="CheckTheDefaultLanguage" time="0.204"/>
  <testcase classname="homePage.myTestCases" name="CheckTheDefaultCurrency" time="0.061"/>
  <testcase classname="homePage.myTestCases" name="CheckTheContactNumbers" time="0.075"/>
  <testcase classname="homePage.myTestCases" name="CheckQitafLogo" time="0.068"/>
  <testcase classname="homePage.myTestCases" name="CheckHotelTabIsNotSelected" time="0.047"/>
  <testcase classname="homePage.myTestCases" name="CheckDepartureAndArrivalDate" time="0.095"/>
  <testcase classname="homePage.myTestCases" name="RandomlyChangeTheLanguage" time="1.269"/>
  <testcase classname="homePage.myTestCases" name="FillHotelTab" time="2.232"/>
  <testcase classname="homePage.myTestCases" name="SelectTheNumberOfVistor" time="4.257"/>
  <testcase classname="homePage.myTestCases" name="CheckThePageFullyLoaded" time="18.678"/>
  <testcase classname="homePage.myTestCases" name="SortResultsLowestToHighestPrice" time="2.18"/>
</testsuite> <!-- Default test -->
